<?xml version="1.0" encoding="UTF-8" ?>
<testsuite failures="0" time="0.033" errors="0" skipped="0" tests="1" name="edu.uci.ics.cs221wiki.AppTest">
  <properties>
    <property name="java.runtime.name" value="Java(TM) SE Runtime Environment"/>
    <property name="sun.boot.library.path" value="/usr/lib/jvm/jdk1.7.0/jre/lib/amd64"/>
    <property name="java.vm.version" value="22.0-b10"/>
    <property name="java.vm.vendor" value="Oracle Corporation"/>
    <property name="java.vendor.url" value="http://java.oracle.com/"/>
    <property name="path.separator" value=":"/>
    <property name="java.vm.name" value="Java HotSpot(TM) 64-Bit Server VM"/>
    <property name="file.encoding.pkg" value="sun.io"/>
    <property name="user.country" value="US"/>
    <property name="sun.java.launcher" value="SUN_STANDARD"/>
    <property name="sun.os.patch.level" value="unknown"/>
    <property name="java.vm.specification.name" value="Java Virtual Machine Specification"/>
    <property name="user.dir" value="/home/malinik/Java/workspacce/WikiXMLParser"/>
    <property name="java.runtime.version" value="1.7.0_02-b13"/>
    <property name="java.awt.graphicsenv" value="sun.awt.X11GraphicsEnvironment"/>
    <property name="basedir" value="/home/malinik/Java/workspacce/WikiXMLParser"/>
    <property name="java.endorsed.dirs" value="/usr/lib/jvm/jdk1.7.0/jre/lib/endorsed"/>
    <property name="os.arch" value="amd64"/>
    <property name="surefire.real.class.path" value="/tmp/surefirebooter1257197520182553034.jar"/>
    <property name="java.io.tmpdir" value="/tmp"/>
    <property name="line.separator" value="
"/>
    <property name="java.vm.specification.vendor" value="Oracle Corporation"/>
    <property name="os.name" value="Linux"/>
    <property name="sun.jnu.encoding" value="UTF-8"/>
    <property name="java.library.path" value="/usr/java/packages/lib/amd64:/usr/lib64:/lib64:/lib:/usr/lib"/>
    <property name="surefire.test.class.path" value="/home/malinik/Java/workspacce/WikiXMLParser/target/test-classes:/home/malinik/Java/workspacce/WikiXMLParser/target/classes:/home/malinik/.m2/repository/junit/junit/3.8.1/junit-3.8.1.jar:/home/malinik/.m2/repository/edu/jhu/nlp/wikixmlj-r43/2.3/wikixmlj-r43-2.3.jar:/home/malinik/.m2/repository/org/apache/tools/bzip2/bzip2/2.3/bzip2-2.3.jar:/home/malinik/.m2/repository/org/apache/xercesImpl/2.3/xercesImpl-2.3.jar:/home/malinik/.m2/repository/org/w3c/xercesImpl/2.3/xercesImpl-2.3.jar:"/>
    <property name="java.specification.name" value="Java Platform API Specification"/>
    <property name="java.class.version" value="51.0"/>
    <property name="sun.management.compiler" value="HotSpot 64-Bit Tiered Compilers"/>
    <property name="os.version" value="3.0.0-13-generic"/>
    <property name="user.home" value="/home/malinik"/>
    <property name="user.timezone" value=""/>
    <property name="java.awt.printerjob" value="sun.print.PSPrinterJob"/>
    <property name="file.encoding" value="UTF-8"/>
    <property name="java.specification.version" value="1.7"/>
    <property name="user.name" value="malinik"/>
    <property name="java.class.path" value="/home/malinik/Java/workspacce/WikiXMLParser/target/test-classes:/home/malinik/Java/workspacce/WikiXMLParser/target/classes:/home/malinik/.m2/repository/junit/junit/3.8.1/junit-3.8.1.jar:/home/malinik/.m2/repository/edu/jhu/nlp/wikixmlj-r43/2.3/wikixmlj-r43-2.3.jar:/home/malinik/.m2/repository/org/apache/tools/bzip2/bzip2/2.3/bzip2-2.3.jar:/home/malinik/.m2/repository/org/apache/xercesImpl/2.3/xercesImpl-2.3.jar:/home/malinik/.m2/repository/org/w3c/xercesImpl/2.3/xercesImpl-2.3.jar:"/>
    <property name="java.vm.specification.version" value="1.7"/>
    <property name="sun.arch.data.model" value="64"/>
    <property name="java.home" value="/usr/lib/jvm/jdk1.7.0/jre"/>
    <property name="sun.java.command" value="/tmp/surefirebooter1257197520182553034.jar /tmp/surefire4187147917193795755tmp /tmp/surefire6205698824823340426tmp"/>
    <property name="java.specification.vendor" value="Oracle Corporation"/>
    <property name="user.language" value="en"/>
    <property name="awt.toolkit" value="sun.awt.X11.XToolkit"/>
    <property name="java.vm.info" value="mixed mode"/>
    <property name="java.version" value="1.7.0_02"/>
    <property name="java.ext.dirs" value="/usr/lib/jvm/jdk1.7.0/jre/lib/ext:/usr/java/packages/lib/ext"/>
    <property name="sun.boot.class.path" value="/usr/lib/jvm/jdk1.7.0/jre/lib/resources.jar:/usr/lib/jvm/jdk1.7.0/jre/lib/rt.jar:/usr/lib/jvm/jdk1.7.0/jre/lib/sunrsasign.jar:/usr/lib/jvm/jdk1.7.0/jre/lib/jsse.jar:/usr/lib/jvm/jdk1.7.0/jre/lib/jce.jar:/usr/lib/jvm/jdk1.7.0/jre/lib/charsets.jar:/usr/lib/jvm/jdk1.7.0/jre/classes"/>
    <property name="java.vendor" value="Oracle Corporation"/>
    <property name="localRepository" value="/home/malinik/.m2/repository"/>
    <property name="file.separator" value="/"/>
    <property name="java.vendor.url.bug" value="http://bugreport.sun.com/bugreport/"/>
    <property name="sun.cpu.endian" value="little"/>
    <property name="sun.io.unicode.encoding" value="UnicodeLittle"/>
    <property name="sun.desktop" value="gnome"/>
    <property name="sun.cpu.isalist" value=""/>
  </properties>
  <testcase time="0.002" classname="edu.uci.ics.cs221wiki.AppTest" name="testApp"/>
</testsuite>